<?xml version="1.0" encoding="UTF-8" standalone="no"?>
<!DOCTYPE log SYSTEM "logger.dtd">
<log>
<record>
  <date>2013-01-28T16:25:30</date>
  <millis>1359361530686</millis>
  <sequence>0</sequence>
  <logger>my.log</logger>
  <level>INFO</level>
  <class>com.rose.logformatter.LogHTMLFormatter</class>
  <method>main</method>
  <thread>1</thread>
  <message>Our first logging message</message>
</record>
<record>
  <date>2013-01-28T16:25:30</date>
  <millis>1359361530736</millis>
  <sequence>1</sequence>
  <logger>my.log</logger>
  <level>SEVERE</level>
  <class>com.rose.logformatter.LogHTMLFormatter</class>
  <method>main</method>
  <thread>1</thread>
  <message>Something terrible happened</message>
</record>
</log>
